0 info it worked if it ends with ok
1 verbose cli [ 'C:\\Program Files\\nodejs\\node.exe',
1 verbose cli   'C:\\Users\\StardibsPC-1\\AppData\\Roaming\\npm\\node_modules\\npm\\bin\\npm-cli.js',
1 verbose cli   'start' ]
2 info using npm@2.7.4
3 info using node@v6.10.3
4 verbose run-script [ 'prestart', 'start', 'poststart' ]
5 info prestart iochat@1.0.0
6 info start iochat@1.0.0
7 verbose unsafe-perm in lifecycle true
8 info iochat@1.0.0 Failed to exec start script
9 verbose stack Error: iochat@1.0.0 start: `node server.js`
9 verbose stack Exit status 1
9 verbose stack     at EventEmitter.<anonymous> (C:\Users\StardibsPC-1\AppData\Roaming\npm\node_modules\npm\lib\utils\lifecycle.js:213:16)
9 verbose stack     at emitTwo (events.js:106:13)
9 verbose stack     at EventEmitter.emit (events.js:191:7)
9 verbose stack     at ChildProcess.<anonymous> (C:\Users\StardibsPC-1\AppData\Roaming\npm\node_modules\npm\lib\utils\spawn.js:14:12)
9 verbose stack     at emitTwo (events.js:106:13)
9 verbose stack     at ChildProcess.emit (events.js:191:7)
9 verbose stack     at maybeClose (internal/child_process.js:886:16)
9 verbose stack     at Process.ChildProcess._handle.onexit (internal/child_process.js:226:5)
10 verbose pkgid iochat@1.0.0
11 verbose cwd C:\Users\StardibsPC-1\Desktop\bel_files\chat-practice\iochat
12 error Windows_NT 6.3.9600
13 error argv "C:\\Program Files\\nodejs\\node.exe" "C:\\Users\\StardibsPC-1\\AppData\\Roaming\\npm\\node_modules\\npm\\bin\\npm-cli.js" "start"
14 error node v6.10.3
15 error npm  v2.7.4
16 error code ELIFECYCLE
17 error iochat@1.0.0 start: `node server.js`
17 error Exit status 1
18 error Failed at the iochat@1.0.0 start script 'node server.js'.
18 error This is most likely a problem with the iochat package,
18 error not with npm itself.
18 error Tell the author that this fails on your system:
18 error     node server.js
18 error You can get their info via:
18 error     npm owner ls iochat
18 error There is likely additional logging output above.
19 verbose exit [ 1, true ]
